Removed Pin From Net: NetName=NetJ2_4 Pin=U2-1
Removed Pin From Net: NetName=NetR9_1 Pin=U2-2
Removed Pin From Net: NetName=NetR10_1 Pin=U2-3
Removed Pin From Net: NetName=NetR11_1 Pin=U2-4
Removed Pin From Net: NetName=NetR12_1 Pin=U2-5
Removed Pin From Net: NetName=NetR13_1 Pin=U2-6
Removed Pin From Net: NetName=+5 Pin=U2-7
Removed Pin From Net: NetName=GND Pin=U2-8
Removed Pin From Net: NetName=XTAL1 Pin=U2-9
Removed Pin From Net: NetName=XTAL2 Pin=U2-10
Removed Pin From Net: NetName=NetR14_1 Pin=U2-11
Removed Pin From Net: NetName=NetR15_1 Pin=U2-12
Removed Pin From Net: NetName=NetR16_1 Pin=U2-13
Removed Pin From Net: NetName=NetS1_3 Pin=U2-14
Removed Pin From Net: NetName=NetJ2_1 Pin=U2-17
Removed Pin From Net: NetName=NetJ2_2 Pin=U2-18
Removed Pin From Net: NetName=NetJ2_3 Pin=U2-19
Removed Pin From Net: NetName=+5 Pin=U2-21
Removed Pin From Net: NetName=GND Pin=U2-22
Change Component DesignItemId : Designator=U2 Old DesignItemId=ATMEGA8_DIP28 New DesignItemId=ATMEGA8_QFP32
Change Component Footprint: Designator=U2 Old Footprint=DIP_28 New Footprint=QFG80_32
Change component parameters: Designator = "U2" ("U2"); Footprint = "DIP_28"; UniqueID = "\BUUTFSAY" ("\BUUTFSAY")
Change component parameters (AddParameter): Name = "ASSEMBLY"; Value = ""; VariantName = "[No Variations]"
Change component parameters (AddParameter): Name = "DESC"; Value = "512B EEPROM"; VariantName = "[No Variations]"
Change component parameters (AddParameter): Name = "DIST#"; Value = ""; VariantName = "[No Variations]"
Change component parameters (AddParameter): Name = "MANF"; Value = "ATMEL/MICROCHIP"; VariantName = "[No Variations]"
Change component parameters (AddParameter): Name = "MANF_P#"; Value = "ATMEGA8-16AU"; VariantName = "[No Variations]"
Change component parameters (AddParameter): Name = "PARAM"; Value = "8KB, 1KB RAM, 16MHz, -40~85°C"; VariantName = "[No Variations]"
Change component parameters (AddParameter): Name = "PARAM2"; Value = "4.5~5.5V"; VariantName = "[No Variations]"
Change component parameters (AddParameter): Name = "PART#ALT"; Value = "ATmega8-48-88-168-328"; VariantName = "[No Variations]"
Change component parameters (AddParameter): Name = "PRICE"; Value = "2.5$"; VariantName = "[No Variations]"
Change component parameters (AddParameter): Name = "VALUE"; Value = "ATMEGA8"; VariantName = "[No Variations]"
Added Pin To Net: NetName=NetR12_1 Pin=U2-1
Added Pin To Net: NetName=NetR13_1 Pin=U2-2
Added Pin To Net: NetName=GND Pin=U2-5
Added Pin To Net: NetName=+5 Pin=U2-6
Added Pin To Net: NetName=XTAL1 Pin=U2-7
Added Pin To Net: NetName=XTAL2 Pin=U2-8
Added Pin To Net: NetName=NetR14_1 Pin=U2-9
Added Pin To Net: NetName=NetR15_1 Pin=U2-10
Added Pin To Net: NetName=NetR16_1 Pin=U2-11
Added Pin To Net: NetName=NetS1_3 Pin=U2-12
Added Pin To Net: NetName=NetJ2_1 Pin=U2-15
Added Pin To Net: NetName=NetJ2_2 Pin=U2-16
Added Pin To Net: NetName=NetJ2_3 Pin=U2-17
Added Pin To Net: NetName=+5 Pin=U2-18
Added Pin To Net: NetName=GND Pin=U2-21
Added Pin To Net: NetName=NetJ2_4 Pin=U2-29
Added Pin To Net: NetName=NetR9_1 Pin=U2-30
Added Pin To Net: NetName=NetR10_1 Pin=U2-31
Added Pin To Net: NetName=NetR11_1 Pin=U2-32
