Added Pin To Net: NetName=+5 Pin=C1-1
Added Pin To Net: NetName=GND Pin=C1-2
Added Pin To Net: NetName=NetC2_1 Pin=C2-1
Added Pin To Net: NetName=GND Pin=C2-2
Added Pin To Net: NetName=NetC2_1 Pin=C3-1
Added Pin To Net: NetName=GND Pin=C3-2
Added Pin To Net: NetName=+5 Pin=C4-1
Added Pin To Net: NetName=GND Pin=C4-2
Added Pin To Net: NetName=+5 Pin=C5-1
Added Pin To Net: NetName=GND Pin=C5-2
Added Pin To Net: NetName=+5 Pin=C6-1
Added Pin To Net: NetName=GND Pin=C6-2
Added Pin To Net: NetName=+5 Pin=C7-1
Added Pin To Net: NetName=GND Pin=C7-2
Added Pin To Net: NetName=NetD1_1 Pin=D1-1
Added Pin To Net: NetName=NetC2_1 Pin=D1-2
Added Pin To Net: NetName=+5 Pin=D2-1
Added Pin To Net: NetName=NetD2_2 Pin=D2-2
Added Pin To Net: NetName=+5 Pin=D3-1
Added Pin To Net: NetName=NetD3_2 Pin=D3-2
Added Pin To Net: NetName=+5 Pin=D4-1
Added Pin To Net: NetName=NetD4_2 Pin=D4-2
Added Pin To Net: NetName=+5 Pin=D5-1
Added Pin To Net: NetName=NetD5_2 Pin=D5-2
Added Pin To Net: NetName=+5 Pin=D6-1
Added Pin To Net: NetName=NetD6_2 Pin=D6-2
Added Pin To Net: NetName=+5 Pin=D7-1
Added Pin To Net: NetName=NetD7_2 Pin=D7-2
Added Pin To Net: NetName=+5 Pin=D8-1
Added Pin To Net: NetName=NetD8_2 Pin=D8-2
Added Pin To Net: NetName=+5 Pin=D9-1
Added Pin To Net: NetName=NetD9_2 Pin=D9-2
Added Pin To Net: NetName=GND Pin=D10-1
Added Pin To Net: NetName=NetD1_1 Pin=D10-2
Added Pin To Net: NetName=GND Pin=J1-1
Added Pin To Net: NetName=NetD1_1 Pin=J1-2
Added Pin To Net: NetName=NetQ1_1 Pin=Q1-1
Added Pin To Net: NetName=NetQ1_2 Pin=Q1-2
Added Pin To Net: NetName=GND Pin=Q1-3
Added Pin To Net: NetName=NetQ2_1 Pin=Q2-1
Added Pin To Net: NetName=NetQ2_2 Pin=Q2-2
Added Pin To Net: NetName=GND Pin=Q2-3
Added Pin To Net: NetName=NetQ3_1 Pin=Q3-1
Added Pin To Net: NetName=NetQ3_2 Pin=Q3-2
Added Pin To Net: NetName=GND Pin=Q3-3
Added Pin To Net: NetName=NetQ4_1 Pin=Q4-1
Added Pin To Net: NetName=NetQ4_2 Pin=Q4-2
Added Pin To Net: NetName=GND Pin=Q4-3
Added Pin To Net: NetName=NetQ5_1 Pin=Q5-1
Added Pin To Net: NetName=NetQ5_2 Pin=Q5-2
Added Pin To Net: NetName=GND Pin=Q5-3
Added Pin To Net: NetName=NetQ6_1 Pin=Q6-1
Added Pin To Net: NetName=NetQ6_2 Pin=Q6-2
Added Pin To Net: NetName=GND Pin=Q6-3
Added Pin To Net: NetName=NetQ7_1 Pin=Q7-1
Added Pin To Net: NetName=NetQ7_2 Pin=Q7-2
Added Pin To Net: NetName=GND Pin=Q7-3
Added Pin To Net: NetName=NetQ8_1 Pin=Q8-1
Added Pin To Net: NetName=NetQ8_2 Pin=Q8-2
Added Pin To Net: NetName=GND Pin=Q8-3
Added Pin To Net: NetName=NetQ1_1 Pin=R1-1
Added Pin To Net: NetName=NetD4_2 Pin=R1-2
Added Pin To Net: NetName=NetQ3_1 Pin=R2-1
Added Pin To Net: NetName=NetD6_2 Pin=R2-2
Added Pin To Net: NetName=NetQ4_1 Pin=R3-1
Added Pin To Net: NetName=NetD7_2 Pin=R3-2
Added Pin To Net: NetName=NetQ6_1 Pin=R4-1
Added Pin To Net: NetName=NetD2_2 Pin=R4-2
Added Pin To Net: NetName=NetQ2_1 Pin=R5-1
Added Pin To Net: NetName=NetD5_2 Pin=R5-2
Added Pin To Net: NetName=NetQ5_1 Pin=R6-1
Added Pin To Net: NetName=NetD8_2 Pin=R6-2
Added Pin To Net: NetName=NetQ7_1 Pin=R7-1
Added Pin To Net: NetName=NetD9_2 Pin=R7-2
Added Pin To Net: NetName=NetQ8_1 Pin=R8-1
Added Pin To Net: NetName=NetD3_2 Pin=R8-2
Added Pin To Net: NetName=NetR9_1 Pin=R9-1
Added Pin To Net: NetName=NetQ1_2 Pin=R9-2
Added Pin To Net: NetName=NetR10_1 Pin=R10-1
Added Pin To Net: NetName=NetQ2_2 Pin=R10-2
Added Pin To Net: NetName=NetR11_1 Pin=R11-1
Added Pin To Net: NetName=NetQ3_2 Pin=R11-2
Added Pin To Net: NetName=NetR12_1 Pin=R12-1
Added Pin To Net: NetName=NetQ4_2 Pin=R12-2
Added Pin To Net: NetName=NetR13_1 Pin=R13-1
Added Pin To Net: NetName=NetQ5_2 Pin=R13-2
Added Pin To Net: NetName=NetR14_1 Pin=R14-1
Added Pin To Net: NetName=NetQ6_2 Pin=R14-2
Added Pin To Net: NetName=NetR15_1 Pin=R15-1
Added Pin To Net: NetName=NetQ7_2 Pin=R15-2
Added Pin To Net: NetName=NetR16_1 Pin=R16-1
Added Pin To Net: NetName=NetQ8_2 Pin=R16-2
Added Pin To Net: NetName=+5 Pin=S1-1
Added Pin To Net: NetName=GND Pin=S1-2
Added Pin To Net: NetName=NetS1_3 Pin=S1-3
Added Pin To Net: NetName=NetC2_1 Pin=U1-1
Added Pin To Net: NetName=+5 Pin=U1-3
Added Pin To Net: NetName=GND Pin=U1-4
Added Pin To Net: NetName=NetR9_1 Pin=U2-2
Added Pin To Net: NetName=NetR10_1 Pin=U2-3
Added Pin To Net: NetName=NetR11_1 Pin=U2-4
Added Pin To Net: NetName=NetR12_1 Pin=U2-5
Added Pin To Net: NetName=NetR13_1 Pin=U2-6
Added Pin To Net: NetName=+5 Pin=U2-7
Added Pin To Net: NetName=GND Pin=U2-8
Added Pin To Net: NetName=XTAL1 Pin=U2-9
Added Pin To Net: NetName=XTAL2 Pin=U2-10
Added Pin To Net: NetName=NetR14_1 Pin=U2-11
Added Pin To Net: NetName=NetR15_1 Pin=U2-12
Added Pin To Net: NetName=NetR16_1 Pin=U2-13
Added Pin To Net: NetName=NetS1_3 Pin=U2-14
Added Pin To Net: NetName=+5 Pin=U2-20
Added Pin To Net: NetName=+5 Pin=U2-21
Added Pin To Net: NetName=GND Pin=U2-22
Added Pin To Net: NetName=XTAL1 Pin=X1-1
Added Pin To Net: NetName=GND Pin=X1-2
Added Pin To Net: NetName=XTAL2 Pin=X1-3
Added Pin To Net: NetName=GND Pin=X1-4
Added Member To Class: ClassName=Shematic_Hall_Sensor_App Member=Component C1 1nF
Added Member To Class: ClassName=Shematic_Hall_Sensor_App Member=Component C2 1nF
Added Member To Class: ClassName=Shematic_Hall_Sensor_App Member=Component C3 -uF
Added Member To Class: ClassName=Shematic_Hall_Sensor_App Member=Component C4 1nF
Added Member To Class: ClassName=Shematic_Hall_Sensor_App Member=Component C5 1nF
Added Member To Class: ClassName=Shematic_Hall_Sensor_App Member=Component C6 1nF
Added Member To Class: ClassName=Shematic_Hall_Sensor_App Member=Component C7 1nF
Added Member To Class: ClassName=Shematic_Hall_Sensor_App Member=Component D1 1N4007
Added Member To Class: ClassName=Shematic_Hall_Sensor_App Member=Component D2 LED603RED
Added Member To Class: ClassName=Shematic_Hall_Sensor_App Member=Component D3 LED603RED
Added Member To Class: ClassName=Shematic_Hall_Sensor_App Member=Component D4 LED603RED
Added Member To Class: ClassName=Shematic_Hall_Sensor_App Member=Component D5 LED603RED
Added Member To Class: ClassName=Shematic_Hall_Sensor_App Member=Component D6 LED603RED
Added Member To Class: ClassName=Shematic_Hall_Sensor_App Member=Component D7 LED603RED
Added Member To Class: ClassName=Shematic_Hall_Sensor_App Member=Component D8 LED603RED
Added Member To Class: ClassName=Shematic_Hall_Sensor_App Member=Component D9 LED603RED
Added Member To Class: ClassName=Shematic_Hall_Sensor_App Member=Component D10 ZENER5V6
Added Member To Class: ClassName=Shematic_Hall_Sensor_App Member=Component J1 HDRMINI_2
Added Member To Class: ClassName=Shematic_Hall_Sensor_App Member=Component Q1 BC548
Added Member To Class: ClassName=Shematic_Hall_Sensor_App Member=Component Q2 BC548
Added Member To Class: ClassName=Shematic_Hall_Sensor_App Member=Component Q3 BC548
Added Member To Class: ClassName=Shematic_Hall_Sensor_App Member=Component Q4 BC548
Added Member To Class: ClassName=Shematic_Hall_Sensor_App Member=Component Q5 BC548
Added Member To Class: ClassName=Shematic_Hall_Sensor_App Member=Component Q6 BC548
Added Member To Class: ClassName=Shematic_Hall_Sensor_App Member=Component Q7 BC548
Added Member To Class: ClassName=Shematic_Hall_Sensor_App Member=Component Q8 BC548
Added Member To Class: ClassName=Shematic_Hall_Sensor_App Member=Component R1 10K
Added Member To Class: ClassName=Shematic_Hall_Sensor_App Member=Component R2 10K
Added Member To Class: ClassName=Shematic_Hall_Sensor_App Member=Component R3 10K
Added Member To Class: ClassName=Shematic_Hall_Sensor_App Member=Component R4 10K
Added Member To Class: ClassName=Shematic_Hall_Sensor_App Member=Component R5 10K
Added Member To Class: ClassName=Shematic_Hall_Sensor_App Member=Component R6 10K
Added Member To Class: ClassName=Shematic_Hall_Sensor_App Member=Component R7 10K
Added Member To Class: ClassName=Shematic_Hall_Sensor_App Member=Component R8 10K
Added Member To Class: ClassName=Shematic_Hall_Sensor_App Member=Component R9 330
Added Member To Class: ClassName=Shematic_Hall_Sensor_App Member=Component R10 10K
Added Member To Class: ClassName=Shematic_Hall_Sensor_App Member=Component R11 10K
Added Member To Class: ClassName=Shematic_Hall_Sensor_App Member=Component R12 10K
Added Member To Class: ClassName=Shematic_Hall_Sensor_App Member=Component R13 10K
Added Member To Class: ClassName=Shematic_Hall_Sensor_App Member=Component R14 10K
Added Member To Class: ClassName=Shematic_Hall_Sensor_App Member=Component R15 10K
Added Member To Class: ClassName=Shematic_Hall_Sensor_App Member=Component R16 10K
Added Member To Class: ClassName=Shematic_Hall_Sensor_App Member=Component S1 AH3582-P-B
Added Member To Class: ClassName=Shematic_Hall_Sensor_App Member=Component U1 L78M05CDT
Added Member To Class: ClassName=Shematic_Hall_Sensor_App Member=Component U2 ATMEGA8
Added Member To Class: ClassName=Shematic_Hall_Sensor_App Member=Component X1 16MHz
