Added Component: Designator=D1(LED3MM)
Add component (AddParameter): Name = "MANF"; Value = "-"; VariantName = "[No Variations]"
Add component (AddParameter): Name = "MANF_P#"; Value = "-"; VariantName = "[No Variations]"
Add component (AddParameter): Name = "PARAM"; Value = "-"; VariantName = "[No Variations]"
Add component (AddParameter): Name = "PARAM2"; Value = "-"; VariantName = "[No Variations]"
Add component (AddParameter): Name = "PRICE"; Value = "100toman@JAVAN"; VariantName = "[No Variations]"
Add component (AddParameter): Name = "Value"; Value = "PHDIODE_TX"; VariantName = "[No Variations]"
Added Component: Designator=D2(LED3MM)
Add component (AddParameter): Name = "MANF"; Value = "-"; VariantName = "[No Variations]"
Add component (AddParameter): Name = "MANF_P#"; Value = "-"; VariantName = "[No Variations]"
Add component (AddParameter): Name = "PARAM"; Value = "-"; VariantName = "[No Variations]"
Add component (AddParameter): Name = "PARAM2"; Value = "-"; VariantName = "[No Variations]"
Add component (AddParameter): Name = "PRICE"; Value = "100toman@JAVAN"; VariantName = "[No Variations]"
Add component (AddParameter): Name = "Value"; Value = "PHDIODE_RX"; VariantName = "[No Variations]"
Added Component: Designator=D3(LED3MM)
Add component (AddParameter): Name = "ASSEMBLY"; Value = "ASSEMBLY"; VariantName = "[No Variations]"
Add component (AddParameter): Name = "DESC"; Value = "DESCRIPTION"; VariantName = "[No Variations]"
Add component (AddParameter): Name = "MANF"; Value = "MANF"; VariantName = "[No Variations]"
Add component (AddParameter): Name = "MANF_P#"; Value = "MANF_PART#"; VariantName = "[No Variations]"
Add component (AddParameter): Name = "PARAM"; Value = ""; VariantName = "[No Variations]"
Add component (AddParameter): Name = "PARAM2"; Value = "2.2V"; VariantName = "[No Variations]"
Add component (AddParameter): Name = "PRICE"; Value = "PRICE"; VariantName = "[No Variations]"
Add component (AddParameter): Name = "VALUE"; Value = "LED3MM"; VariantName = "[No Variations]"
Added Component: Designator=J1(HDRR_M_1X3)
Add component (AddParameter): Name = "MANF"; Value = ""; VariantName = "[No Variations]"
Add component (AddParameter): Name = "MANF_P#"; Value = ""; VariantName = "[No Variations]"
Add component (AddParameter): Name = "VALUE"; Value = "HDRM3"; VariantName = "[No Variations]"
Added Component: Designator=R1(R025W_AX04)
Add component (AddParameter): Name = "ASSEMBLY"; Value = "ASSEMBLY"; VariantName = "[No Variations]"
Add component (AddParameter): Name = "DESC"; Value = "DESCRIPTION"; VariantName = "[No Variations]"
Add component (AddParameter): Name = "DIST#"; Value = "MOUSER"; VariantName = "[No Variations]"
Add component (AddParameter): Name = "MANF"; Value = "KOA SPEER"; VariantName = "[No Variations]"
Add component (AddParameter): Name = "MANF_P#"; Value = "RK73H1ETTP4701F"; VariantName = "[No Variations]"
Add component (AddParameter): Name = "PARAM"; Value = "0.063W"; VariantName = "[No Variations]"
Add component (AddParameter): Name = "PARAM2"; Value = "1%"; VariantName = "[No Variations]"
Add component (AddParameter): Name = "PRICE"; Value = "100= 0.5$"; VariantName = "[No Variations]"
Add component (AddParameter): Name = "VALUE"; Value = "330 ohm"; VariantName = "[No Variations]"
Added Component: Designator=R2(POT_PIHER15MM)
Add component (AddParameter): Name = "ASSEMBLY"; Value = ""; VariantName = "[No Variations]"
Add component (AddParameter): Name = "DESC"; Value = ""; VariantName = "[No Variations]"
Add component (AddParameter): Name = "DIST#"; Value = ""; VariantName = "[No Variations]"
Add component (AddParameter): Name = "MANF"; Value = "PIHER"; VariantName = "[No Variations]"
Add component (AddParameter): Name = "MANF_P#"; Value = "PT15NV15"; VariantName = "[No Variations]"
Add component (AddParameter): Name = "PARAM"; Value = "20%, -25~70oC"; VariantName = "[No Variations]"
Add component (AddParameter): Name = "PARAM2"; Value = "150mW"; VariantName = "[No Variations]"
Add component (AddParameter): Name = "PRICE"; Value = "0.6$"; VariantName = "[No Variations]"
Add component (AddParameter): Name = "VALUE"; Value = "POT4.7K"; VariantName = "[No Variations]"
Added Component: Designator=R3(R025W_AX04)
Add component (AddParameter): Name = "ASSEMBLY"; Value = "ASSEMBLY"; VariantName = "[No Variations]"
Add component (AddParameter): Name = "DESC"; Value = "DESCRIPTION"; VariantName = "[No Variations]"
Add component (AddParameter): Name = "DIST#"; Value = "MOUSER"; VariantName = "[No Variations]"
Add component (AddParameter): Name = "MANF"; Value = "KOA SPEER"; VariantName = "[No Variations]"
Add component (AddParameter): Name = "MANF_P#"; Value = "RK73H1ETTP4701F"; VariantName = "[No Variations]"
Add component (AddParameter): Name = "PARAM"; Value = "0.063W"; VariantName = "[No Variations]"
Add component (AddParameter): Name = "PARAM2"; Value = "1%"; VariantName = "[No Variations]"
Add component (AddParameter): Name = "PRICE"; Value = "100= 0.5$"; VariantName = "[No Variations]"
Add component (AddParameter): Name = "VALUE"; Value = "100 ohm"; VariantName = "[No Variations]"
Added Component: Designator=R4(R025W_AX04)
Add component (AddParameter): Name = "ASSEMBLY"; Value = "ASSEMBLY"; VariantName = "[No Variations]"
Add component (AddParameter): Name = "DESC"; Value = "DESCRIPTION"; VariantName = "[No Variations]"
Add component (AddParameter): Name = "DIST#"; Value = "MOUSER"; VariantName = "[No Variations]"
Add component (AddParameter): Name = "MANF"; Value = "KOA SPEER"; VariantName = "[No Variations]"
Add component (AddParameter): Name = "MANF_P#"; Value = "RK73H1ETTP4701F"; VariantName = "[No Variations]"
Add component (AddParameter): Name = "PARAM"; Value = "0.063W"; VariantName = "[No Variations]"
Add component (AddParameter): Name = "PARAM2"; Value = "1%"; VariantName = "[No Variations]"
Add component (AddParameter): Name = "PRICE"; Value = "100= 0.5$"; VariantName = "[No Variations]"
Add component (AddParameter): Name = "VALUE"; Value = "10K"; VariantName = "[No Variations]"
Added Component: Designator=U1(DIP_8)
Add component (AddParameter): Name = "MANF"; Value = "Texas Instruments, Fairchild"; VariantName = "[No Variations]"
Add component (AddParameter): Name = "MANF_P#"; Value = "LM358AN"; VariantName = "[No Variations]"
Add component (AddParameter): Name = "PARAM"; Value = ""; VariantName = "[No Variations]"
Add component (AddParameter): Name = "PARAM2"; Value = "3 V ~ 32 V, ±1.5 V ~ 16 V"; VariantName = "[No Variations]"
Add component (AddParameter): Name = "PRICE"; Value = "-"; VariantName = "[No Variations]"
Add component (AddParameter): Name = "VALUE"; Value = "LM358"; VariantName = "[No Variations]"
Added Pin To Net: NetName=GND Pin=D3-2
Added Pin To Net: NetName=GND Pin=J1-3
Added Pin To Net: NetName=GND Pin=R2-1
Added Pin To Net: NetName=GND Pin=R3-1
Added Pin To Net: NetName=GND Pin=R4-1
Added Pin To Net: NetName=GND Pin=U1-4
Added Net: Name=GND
Added Pin To Net: NetName=NetD1_2 Pin=D1-2
Added Pin To Net: NetName=NetD1_2 Pin=R3-2
Added Net: Name=NetD1_2
Added Pin To Net: NetName=NetD2_2 Pin=D2-2
Added Pin To Net: NetName=NetD2_2 Pin=R4-2
Added Pin To Net: NetName=NetD2_2 Pin=U1-3
Added Net: Name=NetD2_2
Added Pin To Net: NetName=NetD3_1 Pin=D3-1
Added Pin To Net: NetName=NetD3_1 Pin=J1-2
Added Pin To Net: NetName=NetD3_1 Pin=R1-1
Added Net: Name=NetD3_1
Added Pin To Net: NetName=NetR1_2 Pin=R1-2
Added Pin To Net: NetName=NetR1_2 Pin=U1-1
Added Net: Name=NetR1_2
Added Pin To Net: NetName=NetR2_2 Pin=R2-2
Added Pin To Net: NetName=NetR2_2 Pin=U1-2
Added Net: Name=NetR2_2
Added Pin To Net: NetName=VCC Pin=D1-1
Added Pin To Net: NetName=VCC Pin=D2-1
Added Pin To Net: NetName=VCC Pin=J1-1
Added Pin To Net: NetName=VCC Pin=R2-3
Added Pin To Net: NetName=VCC Pin=U1-8
Added Net: Name=VCC
Added Rule: Name=Schematic Supply Nets
Added Rule: Name=Schematic Supply Nets_1
