Added Component: Designator=C1(FP-C0805C-DN-MFG)
Added Component: Designator=C2(FP-C0805C-DN-MFG)
Added Component: Designator=C3(FP-C0805C-DN-MFG)
Added Component: Designator=C4(FP-C0805C-DN-MFG)
Added Component: Designator=C5(FP-C0805C-DN-MFG)
Added Component: Designator=C6(FP-C0805C-DN-MFG)
Added Component: Designator=C7(FP-C0805C-DN-MFG)
Added Component: Designator=C8(FP-C0805C-DN-MFG)
Added Component: Designator=C9(FP-C0805C-DN-MFG)
Added Component: Designator=C10(FP-T491B107K006AT-MFG)
Added Component: Designator=C11(FP-T491B107K006AT-MFG)
Added Component: Designator=C12(FP-C0805C-DN-MFG)
Added Component: Designator=D1(ONSC-SOD-123-2-425-04_V)
Added Component: Designator=D2(ONSC-SOD-123-2-425-04_V)
Added Component: Designator=D3(ONSC-SOD-123-2-425-04_V)
Added Component: Designator=D4(ONSC-SOD-123-2-425-04_V)
Added Component: Designator=D5(ONSC-SOD-123-2-425-04_V)
Added Component: Designator=J1(FP-22-27-2061-MFG)
Added Component: Designator=J2(FP-22-04-1051-MFG)
Added Component: Designator=J3(FP-22-27-2061-MFG)
Added Component: Designator=LED1(AVAG-HSMX-C170_V)
Added Component: Designator=LED2(AVAG-HSMX-C170_V)
Added Component: Designator=LED3(AVAG-HSMX-C170_V)
Added Component: Designator=LED4(AVAG-HSMX-C170_V)
Added Component: Designator=LED5(AVAG-HSMX-C170_V)
Added Component: Designator=LED6(AVAG-HSMX-C170_V)
Added Component: Designator=LED7(AVAG-HSMX-C170_V)
Added Component: Designator=LED8(AVAG-HSMX-C170_V)
Added Component: Designator=LED9(AVAG-HSMX-C170_V)
Added Component: Designator=LED10(AVAG-HSMX-C170_V)
Added Component: Designator=P1(62000211121)
Added Component: Designator=P2(62000211121)
Added Component: Designator=P3(62000211121)
Added Component: Designator=Q1(FP-SOT23-IPC_A)
Added Component: Designator=Q2(FP-SOT23-IPC_A)
Added Component: Designator=Q3(FP-SOT23-IPC_A)
Added Component: Designator=Q4(FP-SOT23-IPC_A)
Added Component: Designator=Q5(FP-SOT23-IPC_A)
Added Component: Designator=Q6(FP-SOT23-IPC_A)
Added Component: Designator=R1(RESC2013X50X30LL20T20)
Added Component: Designator=R2(RESC2013X50X30LL20T20)
Added Component: Designator=R3(RESC2013X50X30LL20T20)
Added Component: Designator=R4(RESC2013X50X30LL20T20)
Added Component: Designator=R5(RESC2013X50X30LL20T20)
Added Component: Designator=R6(RESC2013X50X30LL20T20)
Added Component: Designator=R7(RESC2013X50X30LL20T20)
Added Component: Designator=R8(RESC2013X50X30LL20T20)
Added Component: Designator=R9(RESC2013X50X30LL20T20)
Added Component: Designator=R10(RESC2013X50X30LL20T20)
Added Component: Designator=R11(RESC2013X50X30LL20T20)
Added Component: Designator=R12(RESC2013X50X30LL20T20)
Added Component: Designator=R13(RESC2013X50X30LL20T20)
Added Component: Designator=R14(RESC2013X50X30LL20T20)
Added Component: Designator=R15(RESC2013X50X30LL20T20)
Added Component: Designator=R16(RESC2013X50X30LL20T20)
Added Component: Designator=R17(RESC2013X50X30LL20T20)
Added Component: Designator=R18(RESC2013X50X30LL20T20)
Added Component: Designator=R19(RESC2013X50X30LL20T20)
Added Component: Designator=R20(RESC2013X50X30LL20T20)
Added Component: Designator=R21(RESC2013X50X30LL20T20)
Added Component: Designator=R22(RESC2013X50X30LL20T20)
Added Component: Designator=U1(FP-C04-076-IPC_A)
Added Component: Designator=U2(TO-263_M)
Added Component: Designator=U3(FP-936A-02-MFG)
Added Net: Name=+5
Added Net: Name=+12
Added Net: Name=+48
Added Net: Name=\M\C\L\R\ / VCC
Added Net: Name=DIR_L
Added Net: Name=DIR_R
Added Net: Name=ENA_L
Added Net: Name=ENA_R
Added Net: Name=FWD_LED
Added Net: Name=FWD
Added Net: Name=GND
Added Net: Name=LEFT_LED
Added Net: Name=LEFT
Added Net: Name=NetLED1_2
Added Net: Name=NetLED2_2
Added Net: Name=NetLED3_2
Added Net: Name=NetLED4_2
Added Net: Name=NetLED5_1
Added Net: Name=NetLED5_2
Added Net: Name=NetLED6_1
Added Net: Name=NetLED6_2
Added Net: Name=NetLED7_1
Added Net: Name=NetLED7_2
Added Net: Name=NetLED8_1
Added Net: Name=NetLED8_2
Added Net: Name=NetLED9_1
Added Net: Name=NetLED9_2
Added Net: Name=NetLED10_1
Added Net: Name=NetLED10_2
Added Net: Name=NetQ1_1
Added Net: Name=NetQ2_1
Added Net: Name=NetQ3_1
Added Net: Name=NetQ4_1
Added Net: Name=NetQ5_1
Added Net: Name=NetQ6_1
Added Net: Name=PGC(ICSPCLK)
Added Net: Name=PGD(ICSPDATA)
Added Net: Name=POTSPEED
Added Net: Name=REV_LED
Added Net: Name=REV
Added Net: Name=RIGHT_LED
Added Net: Name=RIGHT
Added Net: Name=STEP_L
Added Net: Name=STEP_R
Added Class: Name=Wall_Crawller_Application
Added Room: Name=Wall_Crawller_Application
