Removed Pin From Net: NetName=DHT22 Data Pin=1-DATA
Removed Pin From Net: NetName=GND Pin=1-GND
Removed Pin From Net: NetName=NULL Pin=1-NC
Removed Pin From Net: NetName=+5V Pin=1-VDD
Removed Pin From Net: NetName=+5V Pin=K1-A1
Removed Pin From Net: NetName=NetD1_1 Pin=K1-A2
Removed Pin From Net: NetName=NetD2_2 Pin=K1-COM
Removed Pin From Net: NetName=GND Pin=K1-NC
Removed Pin From Net: NetName=+12V Pin=K1-NO
Removed Pin From Net: NetName=+5V Pin=P3-1
Removed Pin From Net: NetName=DHT22 Data Pin=P3-2
Removed Pin From Net: NetName=NULL Pin=P3-3
Removed Pin From Net: NetName=GND Pin=P3-4
Added Component: Designator=K?(FP-V23105A5305A201-MFG)
Add component (AddParameter): Name = "Ambient Temperature Range High"; Value = "+85°C"; VariantName = "[No Variations]"
Add component (AddParameter): Name = "Ambient Temperature Range Low"; Value = "-40°C"; VariantName = "[No Variations]"
Add component (AddParameter): Name = "Automotive"; Value = "No"; VariantName = "[No Variations]"
Add component (AddParameter): Name = "Category"; Value = "Relay"; VariantName = "[No Variations]"
Add component (AddParameter): Name = "Coil Power"; Value = "200mW"; VariantName = "[No Variations]"
Add component (AddParameter): Name = "Coil Resistance"; Value = "2880O"; VariantName = "[No Variations]"
Add component (AddParameter): Name = "Coil Type"; Value = "Non-Latching"; VariantName = "[No Variations]"
Add component (AddParameter): Name = "Coil Voltage"; Value = "24V"; VariantName = "[No Variations]"
Add component (AddParameter): Name = "ComponentLink2Description"; Value = "Datasheet"; VariantName = "[No Variations]"
Add component (AddParameter): Name = "ComponentLink2URL"; Value = "https://www.te.com/commerce/DocumentDelivery/DDEController?Action=showdoc&DocId=Specification+Or+Standard%7F108-98007%7F1017%7Fpdf%7FEnglish%7FENG_SS_108-98007_1017.pdf%7F9-1393792-9"; VariantName = "[No Variations]"
Add component (AddParameter): Name = "Current Rating"; Value = "3A"; VariantName = "[No Variations]"
Add component (AddParameter): Name = "Device Class L1"; Value = "Electromechanical"; VariantName = "[No Variations]"
Add component (AddParameter): Name = "Device Class L2"; Value = "Relays"; VariantName = "[No Variations]"
Add component (AddParameter): Name = "Device Class L3"; Value = "Power Relays"; VariantName = "[No Variations]"
Add component (AddParameter): Name = "Digikey Description"; Value = "RELAY TELECOM DPDT 3A 24V"; VariantName = "[No Variations]"
Add component (AddParameter): Name = "Height"; Value = "10.9mm"; VariantName = "[No Variations]"
Add component (AddParameter): Name = "Lead Free"; Value = "Yes"; VariantName = "[No Variations]"
Add component (AddParameter): Name = "Manufacturer"; Value = "TE Connectivity"; VariantName = "[No Variations]"
Add component (AddParameter): Name = "Manufacturer Part Number"; Value = "V23105A5305A201"; VariantName = "[No Variations]"
Add component (AddParameter): Name = "Number Of Contacts"; Value = "2"; VariantName = "[No Variations]"
Add component (AddParameter): Name = "Octopart"; Value = "https://octopart.com/9-1393792-9-te+connectivity-41176539"; VariantName = "[No Variations]"
Add component (AddParameter): Name = "Package"; Value = "V23105A5305A201"; VariantName = "[No Variations]"
Add component (AddParameter): Name = "RoHS"; Value = "TRUE"; VariantName = "[No Variations]"
Add component (AddParameter): Name = "Standoff Height"; Value = "0.2mm"; VariantName = "[No Variations]"
Add component (AddParameter): Name = "Switching Current"; Value = "3A"; VariantName = "[No Variations]"
Add component (AddParameter): Name = "Temperature"; Value = "-40°C to +85°C"; VariantName = "[No Variations]"
Add component (AddParameter): Name = "Temperature Range High"; Value = "+85°C"; VariantName = "[No Variations]"
Add component (AddParameter): Name = "Temperature Range Low"; Value = "-40°C"; VariantName = "[No Variations]"
Add component (AddParameter): Name = "Throw Configuration"; Value = "DPDT"; VariantName = "[No Variations]"
Added Pin To Net: NetName=+5V Pin=K?-1
Added Pin To Net: NetName=NetD2_2 Pin=K?-11
Added Pin To Net: NetName=+12V Pin=K?-13
Added Pin To Net: NetName=NetD1_1 Pin=K?-16
Added Pin To Net: NetName=GND Pin=P3-1
Added Pin To Net: NetName=NULL Pin=P3-2
Added Pin To Net: NetName=+5V Pin=P3-4
Added Pin To Net: NetName=DHT22 (Data) Pin=P3-3
Added Net: Name=DHT22 (Data)
