Added Component: Designator=1(DHT22)
Add component (AddParameter): Name = "Check_prices"; Value = "https://www.snapeda.com/parts/DHT22/Aosong+Electronics/view-part/?ref=eda"; VariantName = "[No Variations]"
Add component (AddParameter): Name = "MF"; Value = "Aosong Electronics"; VariantName = "[No Variations]"
Add component (AddParameter): Name = "MP"; Value = "DHT22"; VariantName = "[No Variations]"
Add component (AddParameter): Name = "Package"; Value = "Package"; VariantName = "[No Variations]"
Add component (AddParameter): Name = "SnapEDA_Link"; Value = "https://www.snapeda.com/parts/DHT22/Aosong+Electronics/view-part/?ref=snap"; VariantName = "[No Variations]"
Add component (AddParameter): Name = "Value"; Value = ""; VariantName = "[No Variations]"
Added Component: Designator=C1(CAPR51-254-508X318X736)
Added Component: Designator=C2(CAPR51-254-508X318X736)
Added Component: Designator=C3(FP-RAD-TH-D_16_0_5-L_25_2-MFG)
Added Component: Designator=D1(DIOD-DO-41-P-2_V)
Added Component: Designator=D2(DIOD-DO-41-P-2_V)
Added Component: Designator=D3(DIOD-DO-41-P-2_V)
Added Component: Designator=J1(FP-22-29-2081-MFG)
Added Component: Designator=K1(RELAY_SRD-05VDC-SL-C)
Add component (AddParameter): Name = "Availability"; Value = "Not in stock"; VariantName = "[No Variations]"
Add component (AddParameter): Name = "Check_prices"; Value = "https://www.snapeda.com/parts/SRD-05VDC-SL-C/Songle+Relay/view-part/?ref=eda"; VariantName = "[No Variations]"
Add component (AddParameter): Name = "MF"; Value = "Songle Relay"; VariantName = "[No Variations]"
Add component (AddParameter): Name = "MP"; Value = "SRD-05VDC-SL-C"; VariantName = "[No Variations]"
Add component (AddParameter): Name = "Package"; Value = "NON STANDARD-5 Songle Relay"; VariantName = "[No Variations]"
Add component (AddParameter): Name = "Price"; Value = "None"; VariantName = "[No Variations]"
Add component (AddParameter): Name = "SnapEDA_Link"; Value = "https://www.snapeda.com/parts/SRD-05VDC-SL-C/Songle+Relay/view-part/?ref=snap"; VariantName = "[No Variations]"
Add component (AddParameter): Name = "Value"; Value = ""; VariantName = "[No Variations]"
Added Component: Designator=P1(MOLX-22-27-2021_V)
Added Component: Designator=P2(MOLX-22-27-2021_V)
Added Component: Designator=P3(MOLX-22-27-2041_V)
Added Component: Designator=P4(MOLX-22-27-2021_V)
Added Component: Designator=P5(MOLX-22-27-2041_V)
Added Component: Designator=P6(MOLX-22-27-2041_V)
Added Component: Designator=Q1(FP-135AR-MFG)
Added Component: Designator=Q2(FP-135AR-MFG)
Added Component: Designator=R1(FP-MRS25-MFG)
Added Component: Designator=R2(FP-MRS25-MFG)
Added Component: Designator=R3(FP-MRS25-MFG)
Added Component: Designator=R4(FP-MRS25-MFG)
Added Component: Designator=U1(FP-TO220B03-MFG)
Added Component: Designator=U2(FAIR-TO-220-3)
Added Component: Designator=U3(XCVR_ESP32-C3-DEVKITC-02)
Add component (AddParameter): Name = "Availability"; Value = "In Stock"; VariantName = "[No Variations]"
Add component (AddParameter): Name = "Check_prices"; Value = "https://www.snapeda.com/parts/ESP32-C3-DevKitC-02/Espressif+Systems/view-part/?ref=eda"; VariantName = "[No Variations]"
Add component (AddParameter): Name = "MF"; Value = "Espressif Systems"; VariantName = "[No Variations]"
Add component (AddParameter): Name = "MP"; Value = "ESP32-C3-DevKitC-02"; VariantName = "[No Variations]"
Add component (AddParameter): Name = "Package"; Value = "None"; VariantName = "[No Variations]"
Add component (AddParameter): Name = "Price"; Value = "None"; VariantName = "[No Variations]"
Add component (AddParameter): Name = "Purchase-URL"; Value = "https://pricing.snapeda.com/search/part/ESP32-C3-DevKitC-02/?ref=eda"; VariantName = "[No Variations]"
Add component (AddParameter): Name = "SnapEDA_Link"; Value = "https://www.snapeda.com/parts/ESP32-C3-DevKitC-02/Espressif+Systems/view-part/?ref=snap"; VariantName = "[No Variations]"
Add component (AddParameter): Name = "Value"; Value = ""; VariantName = "[No Variations]"
Added Pin To Net: NetName=DHT22 Data Pin=1-DATA
Added Pin To Net: NetName=GND Pin=1-GND
Added Pin To Net: NetName=NULL Pin=1-NC
Added Pin To Net: NetName=+5V Pin=1-VDD
Add Pin To Net: Unknown Pin: Pin C1-1
Add Pin To Net: Unknown Pin: Pin C1-2
Add Pin To Net: Unknown Pin: Pin C2-1
Add Pin To Net: Unknown Pin: Pin C2-2
Add Pin To Net: Unknown Pin: Pin C3-1
Add Pin To Net: Unknown Pin: Pin C3-2
Add Pin To Net: Unknown Pin: Pin D1-1
Add Pin To Net: Unknown Pin: Pin D1-2
Add Pin To Net: Unknown Pin: Pin D2-1
Add Pin To Net: Unknown Pin: Pin D2-2
Add Pin To Net: Unknown Pin: Pin D3-1
Add Pin To Net: Unknown Pin: Pin D3-2
Add Pin To Net: Unknown Pin: Pin J1-1
Add Pin To Net: Unknown Pin: Pin J1-2
Add Pin To Net: Unknown Pin: Pin J1-3
Add Pin To Net: Unknown Pin: Pin J1-4
Add Pin To Net: Unknown Pin: Pin J1-5
Add Pin To Net: Unknown Pin: Pin J1-6
Add Pin To Net: Unknown Pin: Pin J1-7
Add Pin To Net: Unknown Pin: Pin J1-8
Added Pin To Net: NetName=+5V Pin=K1-A1
Added Pin To Net: NetName=NetD1_1 Pin=K1-A2
Added Pin To Net: NetName=NetD2_2 Pin=K1-COM
Added Pin To Net: NetName=GND Pin=K1-NC
Added Pin To Net: NetName=+12V Pin=K1-NO
Add Pin To Net: Unknown Pin: Pin P1-1
Add Pin To Net: Unknown Pin: Pin P1-2
Add Pin To Net: Unknown Pin: Pin P2-1
Add Pin To Net: Unknown Pin: Pin P2-2
Add Pin To Net: Unknown Pin: Pin P3-1
Add Pin To Net: Unknown Pin: Pin P3-2
Add Pin To Net: Unknown Pin: Pin P3-3
Add Pin To Net: Unknown Pin: Pin P3-4
Add Pin To Net: Unknown Pin: Pin P4-1
Add Pin To Net: Unknown Pin: Pin P4-2
Add Pin To Net: Unknown Pin: Pin P5-1
Add Pin To Net: Unknown Pin: Pin P5-2
Add Pin To Net: Unknown Pin: Pin P5-3
Add Pin To Net: Unknown Pin: Pin P5-4
Add Pin To Net: Unknown Pin: Pin P6-1
Add Pin To Net: Unknown Pin: Pin P6-2
Add Pin To Net: Unknown Pin: Pin P6-3
Add Pin To Net: Unknown Pin: Pin P6-4
Add Pin To Net: Unknown Pin: Pin Q1-1
Add Pin To Net: Unknown Pin: Pin Q1-2
Add Pin To Net: Unknown Pin: Pin Q1-3
Add Pin To Net: Unknown Pin: Pin Q2-1
Add Pin To Net: Unknown Pin: Pin Q2-2
Add Pin To Net: Unknown Pin: Pin Q2-3
Add Pin To Net: Unknown Pin: Pin R1-1
Add Pin To Net: Unknown Pin: Pin R1-2
Add Pin To Net: Unknown Pin: Pin R2-1
Add Pin To Net: Unknown Pin: Pin R2-2
Add Pin To Net: Unknown Pin: Pin R3-1
Add Pin To Net: Unknown Pin: Pin R3-2
Add Pin To Net: Unknown Pin: Pin R4-1
Add Pin To Net: Unknown Pin: Pin R4-2
Add Pin To Net: Unknown Pin: Pin U1-1
Add Pin To Net: Unknown Pin: Pin U1-3
Add Pin To Net: Unknown Pin: Pin U2-1
Add Pin To Net: Unknown Pin: Pin U2-2
Add Pin To Net: Unknown Pin: Pin U2-3
Added Pin To Net: NetName=GND Pin=U3-2
Added Pin To Net: NetName=DHT22 Data Pin=U3-4
Added Pin To Net: NetName=Row (01) Pin=U3-8
Added Pin To Net: NetName=Row (04) Pin=U3-9
Added Pin To Net: NetName=Row (03) Pin=U3-10
Added Pin To Net: NetName=SDA Pin=U3-11
Added Pin To Net: NetName=SCL Pin=U3-14
Added Pin To Net: NetName=Row (02) Pin=U3-15
Added Pin To Net: NetName=A0 (Analogue) Pin=U3-19
Added Pin To Net: NetName=Fan Switch (Control) Pin=U3-23
Added Pin To Net: NetName=Water Pump (Control) Pin=U3-24
Added Pin To Net: NetName=Column (01) Pin=U3-25
Added Pin To Net: NetName=Column (02) Pin=U3-26
Added Pin To Net: NetName=Column (03) Pin=U3-27
Added Pin To Net: NetName=Column (04) Pin=U3-28
Added Pin To Net: NetName=GND Pin=U3-29
Added Pin To Net: NetName=+5V Pin=U3-30
